SF:lib/core/network/network_info.dart
DA:10,1
DA:12,1
DA:13,2
LF:3
LH:3
end_of_record
SF:lib/core/error/failures.dart
DA:4,2
LF:1
LH:1
end_of_record
SF:lib/features/text_recognition/domain/entities/food_profile.dart
DA:11,7
DA:17,7
DA:18,7
DA:30,6
DA:35,5
DA:40,6
DA:45,6
LF:7
LH:7
end_of_record
SF:lib/features/text_recognition/domain/usecases/get_food_profile.dart
DA:12,1
DA:15,1
DA:16,4
DA:23,3
LF:4
LH:4
end_of_record
SF:lib/features/text_recognition/domain/usecases/get_food_profiles.dart
DA:10,1
DA:13,1
DA:14,3
LF:3
LH:3
end_of_record
SF:lib/features/text_recognition/data/datasources/food_profile_local_data_source.dart
DA:18,0
DA:23,1
DA:25,1
DA:26,2
DA:29,1
DA:30,1
DA:31,3
DA:32,1
DA:34,1
DA:38,1
DA:39,2
DA:40,2
LF:12
LH:11
end_of_record
SF:lib/features/text_recognition/data/models/food_profile_model.dart
DA:5,5
DA:11,5
DA:19,3
DA:20,3
DA:22,3
DA:23,3
DA:25,15
DA:26,3
DA:27,3
DA:28,9
DA:29,3
DA:32,15
DA:33,3
DA:34,9
DA:35,3
DA:39,1
DA:40,1
DA:41,1
DA:42,5
DA:44,5
DA:45,5
DA:46,5
LF:22
LH:22
end_of_record
SF:lib/features/text_recognition/data/transforms/food_profile_transform.dart
DA:4,2
DA:7,6
DA:8,2
DA:9,10
DA:11,10
DA:12,10
DA:13,10
DA:15,2
DA:18,2
DA:19,8
LF:10
LH:10
end_of_record
SF:lib/features/text_recognition/data/datasources/food_profile_remote_data_source.dart
DA:23,1
DA:25,1
DA:26,3
DA:27,1
DA:28,2
DA:29,3
DA:31,1
DA:35,1
DA:36,4
DA:37,1
DA:38,2
DA:39,3
DA:41,1
LF:13
LH:13
end_of_record
SF:lib/features/text_recognition/data/repositories/food_profile_repository_impl.dart
DA:17,1
DA:23,1
DA:25,3
DA:28,3
DA:29,1
DA:30,1
DA:31,2
DA:34,2
DA:38,1
DA:39,3
DA:41,3
DA:42,2
DA:43,1
DA:44,1
DA:45,2
DA:49,3
DA:50,1
DA:51,1
DA:52,2
LF:19
LH:19
end_of_record
